C:\USERS\V.DOSAPATI\DOCUMENTS\VISUAL STUDIO 2010\PROJECTS\SERIAL_ITACV2\DEBUG\SERIAL_ITACV2.EXE
C:\USERS\V.DOSAPATI\DOCUMENTS\VISUAL STUDIO 2010\PROJECTS\SERIAL_ITACV2\DEBUG\SERIAL_ITACV2.ILK
C:\USERS\V.DOSAPATI\DOCUMENTS\VISUAL STUDIO 2010\PROJECTS\SERIAL_ITACV2\DEBUG\SERIAL_ITACV2.PDB
c:\Users\v.dosapati\documents\visual studio 2010\Projects\Serial_ITACv2\Serial_ITACv2\Debug\cl.command.1.tlog
c:\Users\v.dosapati\documents\visual studio 2010\Projects\Serial_ITACv2\Serial_ITACv2\Debug\CL.read.1.tlog
c:\Users\v.dosapati\documents\visual studio 2010\Projects\Serial_ITACv2\Serial_ITACv2\Debug\CL.write.1.tlog
c:\Users\v.dosapati\documents\visual studio 2010\Projects\Serial_ITACv2\Serial_ITACv2\Debug\link.16132.read.1.tlog
c:\Users\v.dosapati\documents\visual studio 2010\Projects\Serial_ITACv2\Serial_ITACv2\Debug\link.16132.write.1.tlog
c:\Users\v.dosapati\documents\visual studio 2010\Projects\Serial_ITACv2\Serial_ITACv2\Debug\link.16132-cvtres.read.1.tlog
c:\Users\v.dosapati\documents\visual studio 2010\Projects\Serial_ITACv2\Serial_ITACv2\Debug\link.16132-cvtres.write.1.tlog
c:\Users\v.dosapati\documents\visual studio 2010\Projects\Serial_ITACv2\Serial_ITACv2\Debug\link.1780.read.1.tlog
c:\Users\v.dosapati\documents\visual studio 2010\Projects\Serial_ITACv2\Serial_ITACv2\Debug\link.1780.write.1.tlog
c:\Users\v.dosapati\documents\visual studio 2010\Projects\Serial_ITACv2\Serial_ITACv2\Debug\link.1780-cvtres.read.1.tlog
c:\Users\v.dosapati\documents\visual studio 2010\Projects\Serial_ITACv2\Serial_ITACv2\Debug\link.1780-cvtres.write.1.tlog
c:\Users\v.dosapati\documents\visual studio 2010\Projects\Serial_ITACv2\Serial_ITACv2\Debug\link.17824.read.1.tlog
c:\Users\v.dosapati\documents\visual studio 2010\Projects\Serial_ITACv2\Serial_ITACv2\Debug\link.17824.write.1.tlog
c:\Users\v.dosapati\documents\visual studio 2010\Projects\Serial_ITACv2\Serial_ITACv2\Debug\link.17824-cvtres.read.1.tlog
c:\Users\v.dosapati\documents\visual studio 2010\Projects\Serial_ITACv2\Serial_ITACv2\Debug\link.17824-cvtres.write.1.tlog
c:\Users\v.dosapati\documents\visual studio 2010\Projects\Serial_ITACv2\Serial_ITACv2\Debug\link.2360.read.1.tlog
c:\Users\v.dosapati\documents\visual studio 2010\Projects\Serial_ITACv2\Serial_ITACv2\Debug\link.2360.write.1.tlog
c:\Users\v.dosapati\documents\visual studio 2010\Projects\Serial_ITACv2\Serial_ITACv2\Debug\link.2360-cvtres.read.1.tlog
c:\Users\v.dosapati\documents\visual studio 2010\Projects\Serial_ITACv2\Serial_ITACv2\Debug\link.2360-cvtres.write.1.tlog
c:\Users\v.dosapati\documents\visual studio 2010\Projects\Serial_ITACv2\Serial_ITACv2\Debug\link.command.1.tlog
c:\Users\v.dosapati\documents\visual studio 2010\Projects\Serial_ITACv2\Serial_ITACv2\Debug\link.read.1.tlog
c:\Users\v.dosapati\documents\visual studio 2010\Projects\Serial_ITACv2\Serial_ITACv2\Debug\link.write.1.tlog
c:\Users\v.dosapati\documents\visual studio 2010\Projects\Serial_ITACv2\Serial_ITACv2\Debug\link-cvtres.read.1.tlog
c:\Users\v.dosapati\documents\visual studio 2010\Projects\Serial_ITACv2\Serial_ITACv2\Debug\link-cvtres.write.1.tlog
c:\Users\v.dosapati\documents\visual studio 2010\Projects\Serial_ITACv2\Serial_ITACv2\Debug\mt.command.1.tlog
c:\Users\v.dosapati\documents\visual studio 2010\Projects\Serial_ITACv2\Serial_ITACv2\Debug\mt.read.1.tlog
c:\Users\v.dosapati\documents\visual studio 2010\Projects\Serial_ITACv2\Serial_ITACv2\Debug\mt.write.1.tlog
c:\Users\v.dosapati\documents\visual studio 2010\Projects\Serial_ITACv2\Serial_ITACv2\Debug\rc.command.1.tlog
c:\Users\v.dosapati\documents\visual studio 2010\Projects\Serial_ITACv2\Serial_ITACv2\Debug\rc.read.1.tlog
c:\Users\v.dosapati\documents\visual studio 2010\Projects\Serial_ITACv2\Serial_ITACv2\Debug\rc.write.1.tlog
C:\USERS\V.DOSAPATI\DOCUMENTS\VISUAL STUDIO 2010\PROJECTS\SERIAL_ITACV2\SERIAL_ITACV2\DEBUG\SERIAL_ITACV2.EXE.EMBED.MANIFEST
C:\USERS\V.DOSAPATI\DOCUMENTS\VISUAL STUDIO 2010\PROJECTS\SERIAL_ITACV2\SERIAL_ITACV2\DEBUG\SERIAL_ITACV2.EXE.EMBED.MANIFEST.RES
C:\USERS\V.DOSAPATI\DOCUMENTS\VISUAL STUDIO 2010\PROJECTS\SERIAL_ITACV2\SERIAL_ITACV2\DEBUG\SERIAL_ITACV2.EXE.INTERMEDIATE.MANIFEST
C:\USERS\V.DOSAPATI\DOCUMENTS\VISUAL STUDIO 2010\PROJECTS\SERIAL_ITACV2\SERIAL_ITACV2\DEBUG\SERIAL_ITACV2.OBJ
c:\Users\v.dosapati\documents\visual studio 2010\Projects\Serial_ITACv2\Serial_ITACv2\Debug\Serial_ITACv2.vcxprojResolveAssemblyReference.cache
c:\Users\v.dosapati\documents\visual studio 2010\Projects\Serial_ITACv2\Serial_ITACv2\Debug\Serial_ITACv2.write.1.tlog
c:\Users\v.dosapati\documents\visual studio 2010\Projects\Serial_ITACv2\Serial_ITACv2\Debug\Serial_ITACv2_manifest.rc
C:\USERS\V.DOSAPATI\DOCUMENTS\VISUAL STUDIO 2010\PROJECTS\SERIAL_ITACV2\SERIAL_ITACV2\DEBUG\STDAFX.OBJ
c:\Users\v.dosapati\documents\visual studio 2010\Projects\Serial_ITACv2\Serial_ITACv2\Debug\vc100.idb
C:\USERS\V.DOSAPATI\DOCUMENTS\VISUAL STUDIO 2010\PROJECTS\SERIAL_ITACV2\SERIAL_ITACV2\DEBUG\VC100.PDB
